<?xml version="1.0" encoding="UTF-8"?>
<testsuite name="sis.report.CourseReportTest" tests="1" skipped="0" failures="0" errors="0" timestamp="2019-03-03T23:01:53" hostname="BillMacBookPro" time="0.001">
  <properties/>
  <testcase name="canCreateReport" classname="sis.report.CourseReportTest" time="0.001"/>
  <system-out><![CDATA[]]></system-out>
  <system-err><![CDATA[]]></system-err>
</testsuite>
