<?xml version="1.0" encoding="UTF-8"?>
<testsuite name="sis.report.CourseReportTest" tests="1" skipped="0" failures="0" errors="0" timestamp="2019-01-10T22:51:58" hostname="BillMacBookPro.local" time="0.002">
  <properties/>
  <testcase name="canCreateReport" classname="sis.report.CourseReportTest" time="0.002"/>
  <system-out><![CDATA[]]></system-out>
  <system-err><![CDATA[]]></system-err>
</testsuite>
