<?xml version="1.0" encoding="UTF-8"?>
<testsuite name="sis.report.RosterReporterTest" tests="2" skipped="0" failures="0" errors="0" timestamp="2019-01-10T22:51:58" hostname="BillMacBookPro.local" time="0.011">
  <properties/>
  <testcase name="canCreateRosterReport" classname="sis.report.RosterReporterTest" time="0.01"/>
  <testcase name="canCreateRosterReport" classname="sis.report.RosterReporterTest" time="0.001"/>
  <system-out><![CDATA[]]></system-out>
  <system-err><![CDATA[]]></system-err>
</testsuite>
